# JRE version: Java(TM) SE Runtime Environment (8.0_71-b15) (build 1.8.0_71-b15)
# Java VM: Java HotSpot(TM) 64-Bit Server VM (25.71-b15 mixed mode windows-amd64 compressed oops)
Heap:
 def new generation   total 8000K, used 4854K [0x00000000e6e00000, 0x00000000e76a0000, 0x00000000ef400000)
  eden space 7168K,  66% used [0x00000000e6e00000, 0x00000000e72a5aa0, 0x00000000e7500000)
  from space 832K,  11% used [0x00000000e7500000, 0x00000000e7517e50, 0x00000000e75d0000)
  to   space 832K,   0% used [0x00000000e75d0000, 0x00000000e75d0000, 0x00000000e76a0000)
 tenured generation   total 17792K, used 2032K [0x00000000ef400000, 0x00000000f0560000, 0x0000000100000000)
   the space 17792K,  11% used [0x00000000ef400000, 0x00000000ef5fc130, 0x00000000ef5fc200, 0x00000000f0560000)
 Metaspace       used 5665K, capacity 6243K, committed 6528K, reserved 1056768K
  class space    used 531K, capacity 560K, committed 640K, reserved 1048576K
GC Heap History (8 events):
Event: 4.953 GC heap before
{Heap before GC invocations=0 (full 0):
 def new generation   total 8000K, used 7168K [0x00000000e6e00000, 0x00000000e76a0000, 0x00000000ef400000)
  eden space 7168K, 100% used [0x00000000e6e00000, 0x00000000e7500000, 0x00000000e7500000)
  from space 832K,   0% used [0x00000000e7500000, 0x00000000e7500000, 0x00000000e75d0000)
  to   space 832K,   0% used [0x00000000e75d0000, 0x00000000e75d0000, 0x00000000e76a0000)
 tenured generation   total 17792K, used 0K [0x00000000ef400000, 0x00000000f0560000, 0x0000000100000000)
   the space 17792K,   0% used [0x00000000ef400000, 0x00000000ef400000, 0x00000000ef400200, 0x00000000f0560000)
 Metaspace       used 5317K, capacity 6051K, committed 6272K, reserved 1056768K
  class space    used 520K, capacity 560K, committed 640K, reserved 1048576K
Event: 4.972 GC heap after
Heap after GC invocations=1 (full 0):
 def new generation   total 8000K, used 831K [0x00000000e6e00000, 0x00000000e76a0000, 0x00000000ef400000)
  eden space 7168K,   0% used [0x00000000e6e00000, 0x00000000e6e00000, 0x00000000e7500000)
  from space 832K,  99% used [0x00000000e75d0000, 0x00000000e769fff8, 0x00000000e76a0000)
  to   space 832K,   0% used [0x00000000e7500000, 0x00000000e7500000, 0x00000000e75d0000)
 tenured generation   total 17792K, used 1201K [0x00000000ef400000, 0x00000000f0560000, 0x0000000100000000)
   the space 17792K,   6% used [0x00000000ef400000, 0x00000000ef52c420, 0x00000000ef52c600, 0x00000000f0560000)
 Metaspace       used 5317K, capacity 6051K, committed 6272K, reserved 1056768K
  class space    used 520K, capacity 560K, committed 640K, reserved 1048576K
}
Event: 58.598 GC heap before
{Heap before GC invocations=1 (full 0):
 def new generation   total 8000K, used 7999K [0x00000000e6e00000, 0x00000000e76a0000, 0x00000000ef400000)
  eden space 7168K, 100% used [0x00000000e6e00000, 0x00000000e7500000, 0x00000000e7500000)
  from space 832K,  99% used [0x00000000e75d0000, 0x00000000e769fff8, 0x00000000e76a0000)
  to   space 832K,   0% used [0x00000000e7500000, 0x00000000e7500000, 0x00000000e75d0000)
 tenured generation   total 17792K, used 1201K [0x00000000ef400000, 0x00000000f0560000, 0x0000000100000000)
   the space 17792K,   6% used [0x00000000ef400000, 0x00000000ef52c420, 0x00000000ef52c600, 0x00000000f0560000)
 Metaspace       used 5550K, capacity 6179K, committed 6272K, reserved 1056768K
  class space    used 526K, capacity 560K, committed 640K, reserved 1048576K
Event: 58.668 GC heap after
Heap after GC invocations=2 (full 0):
 def new generation   total 8000K, used 114K [0x00000000e6e00000, 0x00000000e76a0000, 0x00000000ef400000)
  eden space 7168K,   0% used [0x00000000e6e00000, 0x00000000e6e00000, 0x00000000e7500000)
  from space 832K,  13% used [0x00000000e7500000, 0x00000000e751cbb8, 0x00000000e75d0000)
  to   space 832K,   0% used [0x00000000e75d0000, 0x00000000e75d0000, 0x00000000e76a0000)
 tenured generation   total 17792K, used 2032K [0x00000000ef400000, 0x00000000f0560000, 0x0000000100000000)
   the space 17792K,  11% used [0x00000000ef400000, 0x00000000ef5fc130, 0x00000000ef5fc200, 0x00000000f0560000)
 Metaspace       used 5550K, capacity 6179K, committed 6272K, reserved 1056768K
  class space    used 526K, capacity 560K, committed 640K, reserved 1048576K
}
Event: 168.677 GC heap before
{Heap before GC invocations=2 (full 0):
 def new generation   total 8000K, used 7282K [0x00000000e6e00000, 0x00000000e76a0000, 0x00000000ef400000)
  eden space 7168K, 100% used [0x00000000e6e00000, 0x00000000e7500000, 0x00000000e7500000)
  from space 832K,  13% used [0x00000000e7500000, 0x00000000e751cbb8, 0x00000000e75d0000)
  to   space 832K,   0% used [0x00000000e75d0000, 0x00000000e75d0000, 0x00000000e76a0000)
 tenured generation   total 17792K, used 2032K [0x00000000ef400000, 0x00000000f0560000, 0x0000000100000000)
   the space 17792K,  11% used [0x00000000ef400000, 0x00000000ef5fc130, 0x00000000ef5fc200, 0x00000000f0560000)
 Metaspace       used 5553K, capacity 6179K, committed 6272K, reserved 1056768K
  class space    used 526K, capacity 560K, committed 640K, reserved 1048576K
Event: 168.827 GC heap after
Heap after GC invocations=3 (full 0):
 def new generation   total 8000K, used 93K [0x00000000e6e00000, 0x00000000e76a0000, 0x00000000ef400000)
  eden space 7168K,   0% used [0x00000000e6e00000, 0x00000000e6e00000, 0x00000000e7500000)
  from space 832K,  11% used [0x00000000e75d0000, 0x00000000e75e75b0, 0x00000000e76a0000)
  to   space 832K,   0% used [0x00000000e7500000, 0x00000000e7500000, 0x00000000e75d0000)
 tenured generation   total 17792K, used 2032K [0x00000000ef400000, 0x00000000f0560000, 0x0000000100000000)
   the space 17792K,  11% used [0x00000000ef400000, 0x00000000ef5fc130, 0x00000000ef5fc200, 0x00000000f0560000)
 Metaspace       used 5553K, capacity 6179K, committed 6272K, reserved 1056768K
  class space    used 526K, capacity 560K, committed 640K, reserved 1048576K
}
Event: 223.110 GC heap before
{Heap before GC invocations=3 (full 0):
 def new generation   total 8000K, used 7261K [0x00000000e6e00000, 0x00000000e76a0000, 0x00000000ef400000)
  eden space 7168K, 100% used [0x00000000e6e00000, 0x00000000e7500000, 0x00000000e7500000)
  from space 832K,  11% used [0x00000000e75d0000, 0x00000000e75e75b0, 0x00000000e76a0000)
  to   space 832K,   0% used [0x00000000e7500000, 0x00000000e7500000, 0x00000000e75d0000)
 tenured generation   total 17792K, used 2032K [0x00000000ef400000, 0x00000000f0560000, 0x0000000100000000)
   the space 17792K,  11% used [0x00000000ef400000, 0x00000000ef5fc130, 0x00000000ef5fc200, 0x00000000f0560000)
 Metaspace       used 5558K, capacity 6179K, committed 6272K, reserved 1056768K
  class space    used 526K, capacity 560K, committed 640K, reserved 1048576K
Event: 223.115 GC heap after
Heap after GC invocations=4 (full 0):
 def new generation   total 8000K, used 95K [0x00000000e6e00000, 0x00000000e76a0000, 0x00000000ef400000)
  eden space 7168K,   0% used [0x00000000e6e00000, 0x00000000e6e00000, 0x00000000e7500000)
  from space 832K,  11% used [0x00000000e7500000, 0x00000000e7517e50, 0x00000000e75d0000)
  to   space 832K,   0% used [0x00000000e75d0000, 0x00000000e75d0000, 0x00000000e76a0000)
 tenured generation   total 17792K, used 2032K [0x00000000ef400000, 0x00000000f0560000, 0x0000000100000000)
   the space 17792K,  11% used [0x00000000ef400000, 0x00000000ef5fc130, 0x00000000ef5fc200, 0x00000000f0560000)
 Metaspace       used 5558K, capacity 6179K, committed 6272K, reserved 1056768K
  class space    used 526K, capacity 560K, committed 640K, reserved 1048576K
}

