# JRE version: Java(TM) SE Runtime Environment (8.0_71-b15) (build 1.8.0_71-b15)
# Java VM: Java HotSpot(TM) 64-Bit Server VM (25.71-b15 mixed mode windows-amd64 compressed oops)
Heap:
 def new generation   total 8000K, used 6138K [0x00000000e6e00000, 0x00000000e76a0000, 0x00000000ef400000)
  eden space 7168K,  84% used [0x00000000e6e00000, 0x00000000e73e7458, 0x00000000e7500000)
  from space 832K,  11% used [0x00000000e75d0000, 0x00000000e75e7500, 0x00000000e76a0000)
  to   space 832K,   0% used [0x00000000e7500000, 0x00000000e7500000, 0x00000000e75d0000)
 tenured generation   total 17792K, used 2032K [0x00000000ef400000, 0x00000000f0560000, 0x0000000100000000)
   the space 17792K,  11% used [0x00000000ef400000, 0x00000000ef5fc080, 0x00000000ef5fc200, 0x00000000f0560000)
 Metaspace       used 5658K, capacity 6243K, committed 6528K, reserved 1056768K
  class space    used 531K, capacity 560K, committed 640K, reserved 1048576K
GC Heap History (6 events):
Event: 9.261 GC heap before
{Heap before GC invocations=0 (full 0):
 def new generation   total 8000K, used 7168K [0x00000000e6e00000, 0x00000000e76a0000, 0x00000000ef400000)
  eden space 7168K, 100% used [0x00000000e6e00000, 0x00000000e7500000, 0x00000000e7500000)
  from space 832K,   0% used [0x00000000e7500000, 0x00000000e7500000, 0x00000000e75d0000)
  to   space 832K,   0% used [0x00000000e75d0000, 0x00000000e75d0000, 0x00000000e76a0000)
 tenured generation   total 17792K, used 0K [0x00000000ef400000, 0x00000000f0560000, 0x0000000100000000)
   the space 17792K,   0% used [0x00000000ef400000, 0x00000000ef400000, 0x00000000ef400200, 0x00000000f0560000)
 Metaspace       used 5299K, capacity 6051K, committed 6272K, reserved 1056768K
  class space    used 520K, capacity 560K, committed 640K, reserved 1048576K
Event: 9.324 GC heap after
Heap after GC invocations=1 (full 0):
 def new generation   total 8000K, used 832K [0x00000000e6e00000, 0x00000000e76a0000, 0x00000000ef400000)
  eden space 7168K,   0% used [0x00000000e6e00000, 0x00000000e6e00000, 0x00000000e7500000)
  from space 832K, 100% used [0x00000000e75d0000, 0x00000000e76a0000, 0x00000000e76a0000)
  to   space 832K,   0% used [0x00000000e7500000, 0x00000000e7500000, 0x00000000e75d0000)
 tenured generation   total 17792K, used 1200K [0x00000000ef400000, 0x00000000f0560000, 0x0000000100000000)
   the space 17792K,   6% used [0x00000000ef400000, 0x00000000ef52c2e8, 0x00000000ef52c400, 0x00000000f0560000)
 Metaspace       used 5299K, capacity 6051K, committed 6272K, reserved 1056768K
  class space    used 520K, capacity 560K, committed 640K, reserved 1048576K
}
Event: 142.395 GC heap before
{Heap before GC invocations=1 (full 0):
 def new generation   total 8000K, used 8000K [0x00000000e6e00000, 0x00000000e76a0000, 0x00000000ef400000)
  eden space 7168K, 100% used [0x00000000e6e00000, 0x00000000e7500000, 0x00000000e7500000)
  from space 832K, 100% used [0x00000000e75d0000, 0x00000000e76a0000, 0x00000000e76a0000)
  to   space 832K,   0% used [0x00000000e7500000, 0x00000000e7500000, 0x00000000e75d0000)
 tenured generation   total 17792K, used 1200K [0x00000000ef400000, 0x00000000f0560000, 0x0000000100000000)
   the space 17792K,   6% used [0x00000000ef400000, 0x00000000ef52c2e8, 0x00000000ef52c400, 0x00000000f0560000)
 Metaspace       used 5553K, capacity 6179K, committed 6272K, reserved 1056768K
  class space    used 526K, capacity 560K, committed 640K, reserved 1048576K
Event: 142.501 GC heap after
Heap after GC invocations=2 (full 0):
 def new generation   total 8000K, used 123K [0x00000000e6e00000, 0x00000000e76a0000, 0x00000000ef400000)
  eden space 7168K,   0% used [0x00000000e6e00000, 0x00000000e6e00000, 0x00000000e7500000)
  from space 832K,  14% used [0x00000000e7500000, 0x00000000e751ec38, 0x00000000e75d0000)
  to   space 832K,   0% used [0x00000000e75d0000, 0x00000000e75d0000, 0x00000000e76a0000)
 tenured generation   total 17792K, used 2032K [0x00000000ef400000, 0x00000000f0560000, 0x0000000100000000)
   the space 17792K,  11% used [0x00000000ef400000, 0x00000000ef5fc080, 0x00000000ef5fc200, 0x00000000f0560000)
 Metaspace       used 5553K, capacity 6179K, committed 6272K, reserved 1056768K
  class space    used 526K, capacity 560K, committed 640K, reserved 1048576K
}
Event: 308.875 GC heap before
{Heap before GC invocations=2 (full 0):
 def new generation   total 8000K, used 7291K [0x00000000e6e00000, 0x00000000e76a0000, 0x00000000ef400000)
  eden space 7168K, 100% used [0x00000000e6e00000, 0x00000000e7500000, 0x00000000e7500000)
  from space 832K,  14% used [0x00000000e7500000, 0x00000000e751ec38, 0x00000000e75d0000)
  to   space 832K,   0% used [0x00000000e75d0000, 0x00000000e75d0000, 0x00000000e76a0000)
 tenured generation   total 17792K, used 2032K [0x00000000ef400000, 0x00000000f0560000, 0x0000000100000000)
   the space 17792K,  11% used [0x00000000ef400000, 0x00000000ef5fc080, 0x00000000ef5fc200, 0x00000000f0560000)
 Metaspace       used 5558K, capacity 6179K, committed 6272K, reserved 1056768K
  class space    used 526K, capacity 560K, committed 640K, reserved 1048576K
Event: 308.896 GC heap after
Heap after GC invocations=3 (full 0):
 def new generation   total 8000K, used 93K [0x00000000e6e00000, 0x00000000e76a0000, 0x00000000ef400000)
  eden space 7168K,   0% used [0x00000000e6e00000, 0x00000000e6e00000, 0x00000000e7500000)
  from space 832K,  11% used [0x00000000e75d0000, 0x00000000e75e7500, 0x00000000e76a0000)
  to   space 832K,   0% used [0x00000000e7500000, 0x00000000e7500000, 0x00000000e75d0000)
 tenured generation   total 17792K, used 2032K [0x00000000ef400000, 0x00000000f0560000, 0x0000000100000000)
   the space 17792K,  11% used [0x00000000ef400000, 0x00000000ef5fc080, 0x00000000ef5fc200, 0x00000000f0560000)
 Metaspace       used 5558K, capacity 6179K, committed 6272K, reserved 1056768K
  class space    used 526K, capacity 560K, committed 640K, reserved 1048576K
}

